android-app/app/build/intermediates/manifest_merge_blame_file/debug/manifest-merger-blame-debug-report.txt
1<?xml version="1.0" encoding="utf-8"?>
2<manifest xmlns:android="http://schemas.android.com/apk/res/android"
3    package="com.example.phinmalostandfound"
4    android:versionCode="1"
5    android:versionName="1.0.0" >
6
7    <uses-sdk
8        android:minSdkVersion="24"
9        android:targetSdkVersion="34" />
10
11    <!-- Permissions -->
12    <uses-permission android:name="android.permission.INTERNET" />
12-->src/main/AndroidManifest.xml:7:5-67
12-->src/main/AndroidManifest.xml:7:22-64
13    <uses-permission
13-->src/main/AndroidManifest.xml:8:5-9:38
14        android:name="android.permission.READ_EXTERNAL_STORAGE"
14-->src/main/AndroidManifest.xml:8:22-77
15        android:maxSdkVersion="32" />
15-->src/main/AndroidManifest.xml:9:9-35
16    <uses-permission
16-->src/main/AndroidManifest.xml:10:5-11:38
17        android:name="android.permission.WRITE_EXTERNAL_STORAGE"
17-->src/main/AndroidManifest.xml:10:22-78
18        android:maxSdkVersion="32" />
18-->src/main/AndroidManifest.xml:11:9-35
19    <uses-permission android:name="android.permission.READ_MEDIA_IMAGES" />
19-->src/main/AndroidManifest.xml:12:5-76
19-->src/main/AndroidManifest.xml:12:22-73
20    <uses-permission android:name="android.permission.CAMERA" />
20-->src/main/AndroidManifest.xml:13:5-65
20-->src/main/AndroidManifest.xml:13:22-62
21
22    <permission
22-->[androidx.core:core:1.12.0] AndroidManifest.xml:22:5-24:47
23        android:name="com.example.phinmalostandfound.DYNAMIC_RECEIVER_NOT_EXPORTED_PERMISSION"
23-->[androidx.core:core:1.12.0] AndroidManifest.xml:23:9-81
24        android:protectionLevel="signature" />
24-->[androidx.core:core:1.12.0] AndroidManifest.xml:24:9-44
25
26    <uses-permission android:name="com.example.phinmalostandfound.DYNAMIC_RECEIVER_NOT_EXPORTED_PERMISSION" />
26-->[androidx.core:core:1.12.0] AndroidManifest.xml:26:5-97
26-->[androidx.core:core:1.12.0] AndroidManifest.xml:26:22-94
27
28    <application
28-->src/main/AndroidManifest.xml:15:5-96:19
29        android:allowBackup="true"
29-->src/main/AndroidManifest.xml:17:9-35
30        android:appComponentFactory="androidx.core.app.CoreComponentFactory"
30-->[androidx.core:core:1.12.0] AndroidManifest.xml:28:18-86
31        android:debuggable="true"
32        android:extractNativeLibs="false"
33        android:icon="@drawable/ic_app_logo"
33-->src/main/AndroidManifest.xml:18:9-45
34        android:label="@string/app_name"
34-->src/main/AndroidManifest.xml:19:9-41
35        android:roundIcon="@drawable/ic_app_logo"
35-->src/main/AndroidManifest.xml:20:9-50
36        android:supportsRtl="true"
36-->src/main/AndroidManifest.xml:21:9-35
37        android:testOnly="true"
38        android:theme="@style/Theme.PhinmaLostAndFound"
38-->src/main/AndroidManifest.xml:22:9-56
39        android:usesCleartextTraffic="true" >
39-->src/main/AndroidManifest.xml:16:9-44
40
41        <!-- Main/Splash Activity -->
42        <activity
42-->src/main/AndroidManifest.xml:26:9-33:20
43            android:name="com.example.phinmalostandfound.MainActivity"
43-->src/main/AndroidManifest.xml:27:13-41
44            android:exported="true" >
44-->src/main/AndroidManifest.xml:28:13-36
45            <intent-filter>
45-->src/main/AndroidManifest.xml:29:13-32:29
46                <action android:name="android.intent.action.MAIN" />
46-->src/main/AndroidManifest.xml:30:17-69
46-->src/main/AndroidManifest.xml:30:25-66
47
48                <category android:name="android.intent.category.LAUNCHER" />
48-->src/main/AndroidManifest.xml:31:17-77
48-->src/main/AndroidManifest.xml:31:27-74
49            </intent-filter>
50        </activity>
51
52        <!-- Authentication Activities -->
53        <activity
53-->src/main/AndroidManifest.xml:36:9-38:40
54            android:name="com.example.phinmalostandfound.LoginActivity"
54-->src/main/AndroidManifest.xml:37:13-42
55            android:exported="false" />
55-->src/main/AndroidManifest.xml:38:13-37
56        <activity
56-->src/main/AndroidManifest.xml:40:9-42:40
57            android:name="com.example.phinmalostandfound.SignUpActivity"
57-->src/main/AndroidManifest.xml:41:13-43
58            android:exported="false" />
58-->src/main/AndroidManifest.xml:42:13-37
59
60        <!-- Main App Activities -->
61        <activity
61-->src/main/AndroidManifest.xml:45:9-47:40
62            android:name="com.example.phinmalostandfound.HomeActivity"
62-->src/main/AndroidManifest.xml:46:13-41
63            android:exported="false" />
63-->src/main/AndroidManifest.xml:47:13-37
64        <activity
64-->src/main/AndroidManifest.xml:49:9-51:40
65            android:name="com.example.phinmalostandfound.ProfileActivity"
65-->src/main/AndroidManifest.xml:50:13-44
66            android:exported="false" />
66-->src/main/AndroidManifest.xml:51:13-37
67        <activity
67-->src/main/AndroidManifest.xml:53:9-55:40
68            android:name="com.example.phinmalostandfound.SearchActivity"
68-->src/main/AndroidManifest.xml:54:13-43
69            android:exported="false" />
69-->src/main/AndroidManifest.xml:55:13-37
70        <activity
70-->src/main/AndroidManifest.xml:57:9-59:40
71            android:name="com.example.phinmalostandfound.PostItemActivity"
71-->src/main/AndroidManifest.xml:58:13-45
72            android:exported="false" />
72-->src/main/AndroidManifest.xml:59:13-37
73        <activity
73-->src/main/AndroidManifest.xml:61:9-63:40
74            android:name="com.example.phinmalostandfound.ChatSectionActivity"
74-->src/main/AndroidManifest.xml:62:13-48
75            android:exported="false" />
75-->src/main/AndroidManifest.xml:63:13-37
76        <activity
76-->src/main/AndroidManifest.xml:65:9-67:40
77            android:name="com.example.phinmalostandfound.PrivateMessageActivity"
77-->src/main/AndroidManifest.xml:66:13-51
78            android:exported="false" />
78-->src/main/AndroidManifest.xml:67:13-37
79
80        <!-- Menu and Settings Activities -->
81        <activity
81-->src/main/AndroidManifest.xml:70:9-72:40
82            android:name="com.example.phinmalostandfound.MenuActivity"
82-->src/main/AndroidManifest.xml:71:13-41
83            android:exported="false" />
83-->src/main/AndroidManifest.xml:72:13-37
84        <activity
84-->src/main/AndroidManifest.xml:74:9-76:40
85            android:name="com.example.phinmalostandfound.SettingsActivity"
85-->src/main/AndroidManifest.xml:75:13-45
86            android:exported="false" />
86-->src/main/AndroidManifest.xml:76:13-37
87
88        <!-- Additional Activities -->
89        <activity
89-->src/main/AndroidManifest.xml:79:9-81:40
90            android:name="com.example.phinmalostandfound.FAQsActivity"
90-->src/main/AndroidManifest.xml:80:13-41
91            android:exported="false" />
91-->src/main/AndroidManifest.xml:81:13-37
92        <activity
92-->src/main/AndroidManifest.xml:83:9-85:40
93            android:name="com.example.phinmalostandfound.AboutActivity"
93-->src/main/AndroidManifest.xml:84:13-42
94            android:exported="false" />
94-->src/main/AndroidManifest.xml:85:13-37
95        <activity
95-->src/main/AndroidManifest.xml:87:9-89:40
96            android:name="com.example.phinmalostandfound.ReportActivity"
96-->src/main/AndroidManifest.xml:88:13-43
97            android:exported="false" />
97-->src/main/AndroidManifest.xml:89:13-37
98
99        <!-- Post Detail Activity -->
100        <activity
100-->src/main/AndroidManifest.xml:92:9-94:40
101            android:name="com.example.phinmalostandfound.PostDetailActivity"
101-->src/main/AndroidManifest.xml:93:13-47
102            android:exported="false" />
102-->src/main/AndroidManifest.xml:94:13-37
103
104        <provider
104-->[androidx.emoji2:emoji2:1.2.0] AndroidManifest.xml:24:9-32:20
105            android:name="androidx.startup.InitializationProvider"
105-->[androidx.emoji2:emoji2:1.2.0] AndroidManifest.xml:25:13-67
106            android:authorities="com.example.phinmalostandfound.androidx-startup"
106-->[androidx.emoji2:emoji2:1.2.0] AndroidManifest.xml:26:13-68
107            android:exported="false" >
107-->[androidx.emoji2:emoji2:1.2.0] AndroidManifest.xml:27:13-37
108            <meta-data
108-->[androidx.emoji2:emoji2:1.2.0] AndroidManifest.xml:29:13-31:52
109                android:name="androidx.emoji2.text.EmojiCompatInitializer"
109-->[androidx.emoji2:emoji2:1.2.0] AndroidManifest.xml:30:17-75
110                android:value="androidx.startup" />
110-->[androidx.emoji2:emoji2:1.2.0] AndroidManifest.xml:31:17-49
111            <meta-data
111-->[androidx.lifecycle:lifecycle-process:2.7.0] AndroidManifest.xml:29:13-31:52
112                android:name="androidx.lifecycle.ProcessLifecycleInitializer"
112-->[androidx.lifecycle:lifecycle-process:2.7.0] AndroidManifest.xml:30:17-78
113                android:value="androidx.startup" />
113-->[androidx.lifecycle:lifecycle-process:2.7.0] AndroidManifest.xml:31:17-49
114            <meta-data
114-->[androidx.profileinstaller:profileinstaller:1.3.0] AndroidManifest.xml:29:13-31:52
115                android:name="androidx.profileinstaller.ProfileInstallerInitializer"
115-->[androidx.profileinstaller:profileinstaller:1.3.0] AndroidManifest.xml:30:17-85
116                android:value="androidx.startup" />
116-->[androidx.profileinstaller:profileinstaller:1.3.0] AndroidManifest.xml:31:17-49
117        </provider>
118
119        <receiver
119-->[androidx.profileinstaller:profileinstaller:1.3.0] AndroidManifest.xml:34:9-52:20
120            android:name="androidx.profileinstaller.ProfileInstallReceiver"
120-->[androidx.profileinstaller:profileinstaller:1.3.0] AndroidManifest.xml:35:13-76
121            android:directBootAware="false"
121-->[androidx.profileinstaller:profileinstaller:1.3.0] AndroidManifest.xml:36:13-44
122            android:enabled="true"
122-->[androidx.profileinstaller:profileinstaller:1.3.0] AndroidManifest.xml:37:13-35
123            android:exported="true"
123-->[androidx.profileinstaller:profileinstaller:1.3.0] AndroidManifest.xml:38:13-36
124            android:permission="android.permission.DUMP" >
124-->[androidx.profileinstaller:profileinstaller:1.3.0] AndroidManifest.xml:39:13-57
125            <intent-filter>
125-->[androidx.profileinstaller:profileinstaller:1.3.0] AndroidManifest.xml:40:13-42:29
126                <action android:name="androidx.profileinstaller.action.INSTALL_PROFILE" />
126-->[androidx.profileinstaller:profileinstaller:1.3.0] AndroidManifest.xml:41:17-91
126-->[androidx.profileinstaller:profileinstaller:1.3.0] AndroidManifest.xml:41:25-88
127            </intent-filter>
128            <intent-filter>
128-->[androidx.profileinstaller:profileinstaller:1.3.0] AndroidManifest.xml:43:13-45:29
129                <action android:name="androidx.profileinstaller.action.SKIP_FILE" />
129-->[androidx.profileinstaller:profileinstaller:1.3.0] AndroidManifest.xml:44:17-85
129-->[androidx.profileinstaller:profileinstaller:1.3.0] AndroidManifest.xml:44:25-82
130            </intent-filter>
131            <intent-filter>
131-->[androidx.profileinstaller:profileinstaller:1.3.0] AndroidManifest.xml:46:13-48:29
132                <action android:name="androidx.profileinstaller.action.SAVE_PROFILE" />
132-->[androidx.profileinstaller:profileinstaller:1.3.0] AndroidManifest.xml:47:17-88
132-->[androidx.profileinstaller:profileinstaller:1.3.0] AndroidManifest.xml:47:25-85
133            </intent-filter>
134            <intent-filter>
134-->[androidx.profileinstaller:profileinstaller:1.3.0] AndroidManifest.xml:49:13-51:29
135                <action android:name="androidx.profileinstaller.action.BENCHMARK_OPERATION" />
135-->[androidx.profileinstaller:profileinstaller:1.3.0] AndroidManifest.xml:50:17-95
135-->[androidx.profileinstaller:profileinstaller:1.3.0] AndroidManifest.xml:50:25-92
136            </intent-filter>
137        </receiver>
138    </application>
139
140</manifest>